[debug] [2021-02-22T08:14:53.483Z] ----------------------------------------------------------------------
[debug] [2021-02-22T08:14:53.487Z] Command:       C:\Program Files\nodejs\node.exe C:\Users\Naynesh\AppData\Roaming\npm\node_modules\firebase-tools\lib\bin\firebase.js init
[debug] [2021-02-22T08:14:53.488Z] CLI Version:   9.4.0
[debug] [2021-02-22T08:14:53.488Z] Platform:      win32
[debug] [2021-02-22T08:14:53.488Z] Node Version:  v14.15.4
[debug] [2021-02-22T08:14:53.490Z] Time:          Mon Feb 22 2021 13:44:53 GMT+0530 (India Standard Time)
[debug] [2021-02-22T08:14:53.491Z] ----------------------------------------------------------------------
[debug] [2021-02-22T08:14:53.491Z] 
[debug] [2021-02-22T08:14:53.504Z] > command requires scopes: ["email","openid","https://www.googleapis.com/auth/cloudplatformprojects.readonly","https://www.googleapis.com/auth/firebase","https://www.googleapis.com/auth/cloud-platform"]
[debug] [2021-02-22T08:14:53.505Z] > authorizing via signed-in user
[info] 
     ######## #### ########  ######## ########     ###     ######  ########
     ##        ##  ##     ## ##       ##     ##  ##   ##  ##       ##
     ######    ##  ########  ######   ########  #########  ######  ######
     ##        ##  ##    ##  ##       ##     ## ##     ##       ## ##
     ##       #### ##     ## ######## ########  ##     ##  ######  ########

You're about to initialize a Firebase project in this directory:

  D:\task\myproapp

Before we get started, keep in mind:

  * You are initializing in an existing Firebase project directory

